<?xml version="1.0" encoding="UTF-8"?>
<!-- Generated by org.testng.reporters.JUnitReportReporter -->
<testsuite hostname="DESKTOP-9HG1TI6" failures="0" tests="3" name="ravinduheshan99.tests.StandAloneTestModified" time="31.852" errors="0" timestamp="2025-04-20T17:54:38 IST" skipped="0">
  <testcase classname="ravinduheshan99.tests.StandAloneTestModified" name="placeOrder" time="10.432"/>
  <testcase classname="ravinduheshan99.tests.StandAloneTestModified" name="OrderHistoryTest" time="10.045"/>
  <testcase classname="ravinduheshan99.tests.StandAloneTestModified" name="placeOrder" time="11.375"/>
</testsuite> <!-- ravinduheshan99.tests.StandAloneTestModified -->
