<?xml version="1.0" encoding="UTF-8"?>
<!-- Generated by org.testng.reporters.JUnitReportReporter -->
<testsuite hostname="DESKTOP-9HG1TI6" failures="0" tests="1" name="cucumber.TestNGTestRunner" time="15.388" errors="0" timestamp="2025-03-23T02:03:01 IST" skipped="0">
  <testcase classname="cucumber.TestNGTestRunner" name="runScenario" time="15.388"/>
</testsuite> <!-- cucumber.TestNGTestRunner -->
