<?xml version="1.0" encoding="UTF-8"?>
<!-- Generated by org.testng.reporters.JUnitReportReporter -->
<testsuite hostname="DESKTOP-9HG1TI6" failures="0" tests="3" name="ravinduheshan99.tests.StandAloneTestModified" time="43.628" errors="0" timestamp="2025-01-13T18:25:17 IST" skipped="0">
  <testcase classname="ravinduheshan99.tests.StandAloneTestModified" name="placeOrder" time="14.409"/>
  <testcase classname="ravinduheshan99.tests.StandAloneTestModified" name="OrderHistoryTest" time="13.632"/>
  <testcase classname="ravinduheshan99.tests.StandAloneTestModified" name="placeOrder" time="15.587"/>
</testsuite> <!-- ravinduheshan99.tests.StandAloneTestModified -->
