<?xml version="1.0" encoding="UTF-8"?>
<!-- Generated by org.testng.reporters.JUnitReportReporter -->
<testsuite hostname="DESKTOP-9HG1TI6" failures="0" tests="3" name="ravinduheshan99.tests.StandAloneTestModified" time="108.542" errors="0" timestamp="2025-01-13T12:46:39 IST" skipped="0">
  <testcase classname="ravinduheshan99.tests.StandAloneTestModified" name="placeOrder" time="38.957"/>
  <testcase classname="ravinduheshan99.tests.StandAloneTestModified" name="placeOrder" time="29.536"/>
  <testcase classname="ravinduheshan99.tests.StandAloneTestModified" name="OrderHistoryTest" time="40.049"/>
</testsuite> <!-- ravinduheshan99.tests.StandAloneTestModified -->
