<?xml version="1.0" encoding="UTF-8"?>
<!-- Generated by org.testng.reporters.JUnitReportReporter -->
<testsuite hostname="DESKTOP-9HG1TI6" failures="0" tests="3" name="ravinduheshan99.tests.StandAloneTestModified" time="43.498" errors="0" timestamp="2025-01-13T12:26:58 IST" skipped="0">
  <testcase classname="ravinduheshan99.tests.StandAloneTestModified" name="placeOrder" time="22.423"/>
  <testcase classname="ravinduheshan99.tests.StandAloneTestModified" name="placeOrder" time="12.711"/>
  <testcase classname="ravinduheshan99.tests.StandAloneTestModified" name="OrderHistoryTest" time="8.364"/>
</testsuite> <!-- ravinduheshan99.tests.StandAloneTestModified -->
