<?xml version="1.0" encoding="UTF-8"?>
<!-- Generated by org.testng.reporters.JUnitReportReporter -->
<testsuite hostname="DESKTOP-9HG1TI6" failures="0" tests="1" name="ravinduheshan99.tests.ErrorValidations" time="24.110" errors="0" timestamp="2025-01-12T18:50:27 IST" skipped="0">
  <testcase classname="ravinduheshan99.tests.ErrorValidations" name="LoginErrorValidation" time="24.110"/>
</testsuite> <!-- ravinduheshan99.tests.ErrorValidations -->
