<?xml version="1.0" encoding="UTF-8"?>
<!-- Generated by org.testng.reporters.JUnitReportReporter -->
<testsuite hostname="DESKTOP-9HG1TI6" failures="0" tests="1" name="ravinduheshan99.tests.StandAloneTestModified" time="30.345" errors="0" timestamp="2025-01-12T15:47:24 IST" skipped="0">
  <testcase classname="ravinduheshan99.tests.StandAloneTestModified" name="placeOrder" time="30.345"/>
</testsuite> <!-- ravinduheshan99.tests.StandAloneTestModified -->
