<?xml version="1.0" encoding="UTF-8"?>
<!-- Generated by org.testng.reporters.JUnitReportReporter -->
<testsuite hostname="DESKTOP-9HG1TI6" failures="0" tests="2" name="ravinduheshan99.tests.StandAloneTestModified" time="67.376" errors="0" timestamp="2025-01-12T23:31:29 IST" skipped="0">
  <testcase classname="ravinduheshan99.tests.StandAloneTestModified" name="placeOrder" time="43.464"/>
  <testcase classname="ravinduheshan99.tests.StandAloneTestModified" name="placeOrder" time="23.912"/>
</testsuite> <!-- ravinduheshan99.tests.StandAloneTestModified -->
