<?xml version="1.0" encoding="UTF-8"?>
<!-- Generated by org.testng.reporters.JUnitReportReporter -->
<testsuite hostname="DESKTOP-9HG1TI6" failures="0" tests="2" name="ravinduheshan99.tests.StandAloneTestModified" time="54.454" errors="0" timestamp="2025-01-12T19:09:14 IST" skipped="0">
  <testcase classname="ravinduheshan99.tests.StandAloneTestModified" name="placeOrder" time="23.582"/>
  <testcase classname="ravinduheshan99.tests.StandAloneTestModified" name="placeOrder" time="30.872"/>
</testsuite> <!-- ravinduheshan99.tests.StandAloneTestModified -->
