<?xml version="1.0" encoding="UTF-8"?>
<!-- Generated by org.testng.reporters.JUnitReportReporter -->
<testsuite hostname="DESKTOP-9HG1TI6" failures="0" tests="3" name="ravinduheshan99.tests.StandAloneTestModified" time="59.232" errors="0" timestamp="2025-01-13T13:21:48 IST" skipped="0">
  <testcase classname="ravinduheshan99.tests.StandAloneTestModified" name="placeOrder" time="21.847"/>
  <testcase classname="ravinduheshan99.tests.StandAloneTestModified" name="OrderHistoryTest" time="19.710"/>
  <testcase classname="ravinduheshan99.tests.StandAloneTestModified" name="placeOrder" time="17.675"/>
</testsuite> <!-- ravinduheshan99.tests.StandAloneTestModified -->
