<?xml version="1.0" encoding="UTF-8"?>
<!-- Generated by org.testng.reporters.JUnitReportReporter -->
<testsuite hostname="DESKTOP-9HG1TI6" failures="0" tests="2" name="ravinduheshan99.tests.StandAloneTestModified" time="50.746" errors="0" timestamp="2025-01-12T22:17:09 IST" skipped="0">
  <testcase classname="ravinduheshan99.tests.StandAloneTestModified" name="placeOrder" time="35.223"/>
  <testcase classname="ravinduheshan99.tests.StandAloneTestModified" name="placeOrder" time="15.523"/>
</testsuite> <!-- ravinduheshan99.tests.StandAloneTestModified -->
