<?xml version="1.0" encoding="UTF-8"?>
<!-- Generated by org.testng.reporters.JUnitReportReporter -->
<testsuite hostname="DESKTOP-9HG1TI6" failures="0" tests="3" name="ravinduheshan99.tests.StandAloneTestModified" time="38.466" errors="0" timestamp="2025-04-20T17:03:48 IST" skipped="0">
  <testcase classname="ravinduheshan99.tests.StandAloneTestModified" name="placeOrder" time="21.620"/>
  <testcase classname="ravinduheshan99.tests.StandAloneTestModified" name="placeOrder" time="8.126"/>
  <testcase classname="ravinduheshan99.tests.StandAloneTestModified" name="OrderHistoryTest" time="8.720"/>
</testsuite> <!-- ravinduheshan99.tests.StandAloneTestModified -->
