<?xml version="1.0" encoding="UTF-8"?>
<!-- Generated by org.testng.reporters.JUnitReportReporter -->
<testsuite hostname="DESKTOP-9HG1TI6" failures="0" tests="2" name="ravinduheshan99.tests.ErrorValidations" time="30.977" errors="0" timestamp="2025-01-12T17:04:21 IST" skipped="0">
  <testcase classname="ravinduheshan99.tests.ErrorValidations" name="LoginErrorValidation" time="13.155"/>
  <testcase classname="ravinduheshan99.tests.ErrorValidations" name="ProductErrorValidation" time="17.822"/>
</testsuite> <!-- ravinduheshan99.tests.ErrorValidations -->
