<?xml version="1.0" encoding="UTF-8"?>
<!-- Generated by org.testng.reporters.JUnitReportReporter -->
<testsuite hostname="DESKTOP-9HG1TI6" failures="0" tests="2" name="ravinduheshan99.tests.ErrorValidations" time="19.520" errors="0" timestamp="2025-01-12T18:33:32 IST" skipped="0">
  <testcase classname="ravinduheshan99.tests.ErrorValidations" name="LoginErrorValidation" time="8.476"/>
  <testcase classname="ravinduheshan99.tests.ErrorValidations" name="ProductErrorValidation" time="11.044"/>
</testsuite> <!-- ravinduheshan99.tests.ErrorValidations -->
