<?xml version="1.0" encoding="UTF-8"?>
<!-- Generated by org.testng.reporters.JUnitReportReporter -->
<testsuite hostname="DESKTOP-9HG1TI6" failures="0" tests="2" name="ravinduheshan99.tests.StandAloneTestModified" time="46.545" errors="0" timestamp="2025-01-12T18:33:32 IST" skipped="0">
  <testcase classname="ravinduheshan99.tests.StandAloneTestModified" name="placeOrder" time="37.175"/>
  <testcase classname="ravinduheshan99.tests.StandAloneTestModified" name="OrderHistoryTest" time="9.370"/>
</testsuite> <!-- ravinduheshan99.tests.StandAloneTestModified -->
