<?xml version="1.0" encoding="UTF-8"?>
<!-- Generated by org.testng.reporters.JUnitReportReporter -->
<testsuite hostname="DESKTOP-9HG1TI6" failures="0" tests="2" name="ravinduheshan99.tests.ErrorValidations" time="107.188" errors="0" timestamp="2025-01-13T19:45:06 IST" skipped="0">
  <testcase classname="ravinduheshan99.tests.ErrorValidations" name="LoginErrorValidation" time="37.224"/>
  <testcase classname="ravinduheshan99.tests.ErrorValidations" name="ProductErrorValidation" time="69.964"/>
</testsuite> <!-- ravinduheshan99.tests.ErrorValidations -->
