<?xml version="1.0" encoding="UTF-8"?>
<!-- Generated by org.testng.reporters.JUnitReportReporter -->
<testsuite hostname="DESKTOP-9HG1TI6" failures="0" tests="3" name="ravinduheshan99.tests.StandAloneTestModified" time="127.642" errors="0" timestamp="2025-01-13T19:45:06 IST" skipped="0">
  <testcase classname="ravinduheshan99.tests.StandAloneTestModified" name="placeOrder" time="20.794"/>
  <testcase classname="ravinduheshan99.tests.StandAloneTestModified" name="OrderHistoryTest" time="31.212"/>
  <testcase classname="ravinduheshan99.tests.StandAloneTestModified" name="placeOrder" time="75.636"/>
</testsuite> <!-- ravinduheshan99.tests.StandAloneTestModified -->
